<?xml version="1.0" encoding="UTF-8"?>
<!-- Generated by org.testng.reporters.JUnitReportReporter -->
<testsuite skipped="0" hostname="karthicks-MacBook-Air.local" name="FrameWork_TestCase.Test_MCF_PageObject" tests="1" failures="0" timestamp="11 Feb 2021 05:35:32 GMT" time="2.535" errors="0">
  <testcase name="test_MCF_PO_PF" time="2.535" classname="FrameWork_TestCase.Test_MCF_PageObject"/>
</testsuite> <!-- FrameWork_TestCase.Test_MCF_PageObject -->
